Started GET "/" for 127.0.0.1 at 2019-06-09 15:34:39 +0200
Processing by Rails::WelcomeController#index as HTML
  Rendering C:/Ruby24-x64/lib/ruby/gems/2.4.0/gems/railties-5.2.3/lib/rails/templates/rails/welcome/index.html.erb
  Rendered C:/Ruby24-x64/lib/ruby/gems/2.4.0/gems/railties-5.2.3/lib/rails/templates/rails/welcome/index.html.erb (47.2ms)
Completed 200 OK in 456ms (Views: 266.0ms | ActiveRecord: 0.0ms)


Started GET "/" for 127.0.0.1 at 2019-06-09 15:36:51 +0200
Processing by Rails::WelcomeController#index as HTML
  Rendering C:/Ruby24-x64/lib/ruby/gems/2.4.0/gems/railties-5.2.3/lib/rails/templates/rails/welcome/index.html.erb
  Rendered C:/Ruby24-x64/lib/ruby/gems/2.4.0/gems/railties-5.2.3/lib/rails/templates/rails/welcome/index.html.erb (3.6ms)
Completed 200 OK in 96ms (Views: 49.6ms | ActiveRecord: 0.0ms)


Started GET "/welcome" for 127.0.0.1 at 2019-06-09 15:36:55 +0200
  
ActionController::RoutingError (No route matches [GET] "/welcome"):
  
actionpack (5.2.3) lib/action_dispatch/middleware/debug_exceptions.rb:65:in `call'
web-console (3.7.0) lib/web_console/middleware.rb:135:in `call_app'
web-console (3.7.0) lib/web_console/middleware.rb:30:in `block in call'
web-console (3.7.0) lib/web_console/middleware.rb:20:in `catch'
web-console (3.7.0) lib/web_console/middleware.rb:20:in `call'
actionpack (5.2.3) lib/action_dispatch/middleware/show_exceptions.rb:33:in `call'
railties (5.2.3) lib/rails/rack/logger.rb:38:in `call_app'
railties (5.2.3) lib/rails/rack/logger.rb:26:in `block in call'
activesupport (5.2.3) lib/active_support/tagged_logging.rb:71:in `block in tagged'
activesupport (5.2.3) lib/active_support/tagged_logging.rb:28:in `tagged'
activesupport (5.2.3) lib/active_support/tagged_logging.rb:71:in `tagged'
railties (5.2.3) lib/rails/rack/logger.rb:26:in `call'
sprockets-rails (3.2.1) lib/sprockets/rails/quiet_assets.rb:13:in `call'
actionpack (5.2.3) lib/action_dispatch/middleware/remote_ip.rb:81:in `call'
actionpack (5.2.3) lib/action_dispatch/middleware/request_id.rb:27:in `call'
rack (2.0.7) lib/rack/method_override.rb:22:in `call'
rack (2.0.7) lib/rack/runtime.rb:22:in `call'
activesupport (5.2.3) lib/active_support/cache/strategy/local_cache_middleware.rb:29:in `call'
actionpack (5.2.3) lib/action_dispatch/middleware/executor.rb:14:in `call'
actionpack (5.2.3) lib/action_dispatch/middleware/static.rb:127:in `call'
rack (2.0.7) lib/rack/sendfile.rb:111:in `call'
railties (5.2.3) lib/rails/engine.rb:524:in `call'
puma (3.12.1) lib/puma/configuration.rb:227:in `call'
puma (3.12.1) lib/puma/server.rb:660:in `handle_request'
puma (3.12.1) lib/puma/server.rb:474:in `process_client'
puma (3.12.1) lib/puma/server.rb:334:in `block in run'
puma (3.12.1) lib/puma/thread_pool.rb:135:in `block in spawn_thread'
Started GET "/welcome/index" for 127.0.0.1 at 2019-06-09 15:37:00 +0200
Processing by WelcomeController#index as HTML
  Rendering welcome/index.html.erb within layouts/application
  Rendered welcome/index.html.erb within layouts/application (0.7ms)
Completed 200 OK in 941ms (Views: 929.9ms | ActiveRecord: 0.0ms)


Started GET "/welcome/index" for 127.0.0.1 at 2019-06-09 15:37:58 +0200
Processing by WelcomeController#index as HTML
  Rendering welcome/index.html.erb within layouts/application
  Rendered welcome/index.html.erb within layouts/application (2.0ms)
Completed 200 OK in 255ms (Views: 238.6ms | ActiveRecord: 0.0ms)


Started GET "/" for 127.0.0.1 at 2019-06-09 15:39:10 +0200
  
ArgumentError (Missing :controller key on routes definition, please check your routes.):
  
config/routes.rb:5:in `block in <top (required)>'
config/routes.rb:1:in `<top (required)>'
Started GET "/" for 127.0.0.1 at 2019-06-09 15:39:34 +0200
Processing by Rails::WelcomeController#index as HTML
  Rendering C:/Ruby24-x64/lib/ruby/gems/2.4.0/gems/railties-5.2.3/lib/rails/templates/rails/welcome/index.html.erb
  Rendered C:/Ruby24-x64/lib/ruby/gems/2.4.0/gems/railties-5.2.3/lib/rails/templates/rails/welcome/index.html.erb (2.6ms)
Completed 200 OK in 83ms (Views: 42.4ms | ActiveRecord: 0.0ms)


Started GET "/index" for 127.0.0.1 at 2019-06-09 15:40:07 +0200
  
ActionController::RoutingError (No route matches [GET] "/index"):
  
actionpack (5.2.3) lib/action_dispatch/middleware/debug_exceptions.rb:65:in `call'
web-console (3.7.0) lib/web_console/middleware.rb:135:in `call_app'
web-console (3.7.0) lib/web_console/middleware.rb:30:in `block in call'
web-console (3.7.0) lib/web_console/middleware.rb:20:in `catch'
web-console (3.7.0) lib/web_console/middleware.rb:20:in `call'
actionpack (5.2.3) lib/action_dispatch/middleware/show_exceptions.rb:33:in `call'
railties (5.2.3) lib/rails/rack/logger.rb:38:in `call_app'
railties (5.2.3) lib/rails/rack/logger.rb:26:in `block in call'
activesupport (5.2.3) lib/active_support/tagged_logging.rb:71:in `block in tagged'
activesupport (5.2.3) lib/active_support/tagged_logging.rb:28:in `tagged'
activesupport (5.2.3) lib/active_support/tagged_logging.rb:71:in `tagged'
railties (5.2.3) lib/rails/rack/logger.rb:26:in `call'
sprockets-rails (3.2.1) lib/sprockets/rails/quiet_assets.rb:13:in `call'
actionpack (5.2.3) lib/action_dispatch/middleware/remote_ip.rb:81:in `call'
actionpack (5.2.3) lib/action_dispatch/middleware/request_id.rb:27:in `call'
rack (2.0.7) lib/rack/method_override.rb:22:in `call'
rack (2.0.7) lib/rack/runtime.rb:22:in `call'
activesupport (5.2.3) lib/active_support/cache/strategy/local_cache_middleware.rb:29:in `call'
actionpack (5.2.3) lib/action_dispatch/middleware/executor.rb:14:in `call'
actionpack (5.2.3) lib/action_dispatch/middleware/static.rb:127:in `call'
rack (2.0.7) lib/rack/sendfile.rb:111:in `call'
railties (5.2.3) lib/rails/engine.rb:524:in `call'
puma (3.12.1) lib/puma/configuration.rb:227:in `call'
puma (3.12.1) lib/puma/server.rb:660:in `handle_request'
puma (3.12.1) lib/puma/server.rb:474:in `process_client'
puma (3.12.1) lib/puma/server.rb:334:in `block in run'
puma (3.12.1) lib/puma/thread_pool.rb:135:in `block in spawn_thread'
Started GET "/" for 127.0.0.1 at 2019-06-09 15:43:39 +0200
  
ActionController::RoutingError (uninitialized constant TopicsController):
  
activesupport (5.2.3) lib/active_support/inflector/methods.rb:283:in `const_get'
activesupport (5.2.3) lib/active_support/inflector/methods.rb:283:in `block in constantize'
activesupport (5.2.3) lib/active_support/inflector/methods.rb:281:in `each'
activesupport (5.2.3) lib/active_support/inflector/methods.rb:281:in `inject'
activesupport (5.2.3) lib/active_support/inflector/methods.rb:281:in `constantize'
actionpack (5.2.3) lib/action_dispatch/http/request.rb:88:in `controller_class_for'
actionpack (5.2.3) lib/action_dispatch/http/request.rb:81:in `controller_class'
actionpack (5.2.3) lib/action_dispatch/routing/route_set.rb:46:in `controller'
actionpack (5.2.3) lib/action_dispatch/routing/route_set.rb:32:in `serve'
actionpack (5.2.3) lib/action_dispatch/journey/router.rb:52:in `block in serve'
actionpack (5.2.3) lib/action_dispatch/journey/router.rb:35:in `each'
actionpack (5.2.3) lib/action_dispatch/journey/router.rb:35:in `serve'
actionpack (5.2.3) lib/action_dispatch/routing/route_set.rb:840:in `call'
rack (2.0.7) lib/rack/tempfile_reaper.rb:15:in `call'
rack (2.0.7) lib/rack/etag.rb:25:in `call'
rack (2.0.7) lib/rack/conditional_get.rb:25:in `call'
rack (2.0.7) lib/rack/head.rb:12:in `call'
actionpack (5.2.3) lib/action_dispatch/http/content_security_policy.rb:18:in `call'
rack (2.0.7) lib/rack/session/abstract/id.rb:232:in `context'
rack (2.0.7) lib/rack/session/abstract/id.rb:226:in `call'
actionpack (5.2.3) lib/action_dispatch/middleware/cookies.rb:670:in `call'
activerecord (5.2.3) lib/active_record/migration.rb:559:in `call'
actionpack (5.2.3) lib/action_dispatch/middleware/callbacks.rb:28:in `block in call'
activesupport (5.2.3) lib/active_support/callbacks.rb:98:in `run_callbacks'
actionpack (5.2.3) lib/action_dispatch/middleware/callbacks.rb:26:in `call'
actionpack (5.2.3) lib/action_dispatch/middleware/executor.rb:14:in `call'
actionpack (5.2.3) lib/action_dispatch/middleware/debug_exceptions.rb:61:in `call'
web-console (3.7.0) lib/web_console/middleware.rb:135:in `call_app'
web-console (3.7.0) lib/web_console/middleware.rb:30:in `block in call'
web-console (3.7.0) lib/web_console/middleware.rb:20:in `catch'
web-console (3.7.0) lib/web_console/middleware.rb:20:in `call'
actionpack (5.2.3) lib/action_dispatch/middleware/show_exceptions.rb:33:in `call'
railties (5.2.3) lib/rails/rack/logger.rb:38:in `call_app'
railties (5.2.3) lib/rails/rack/logger.rb:26:in `block in call'
activesupport (5.2.3) lib/active_support/tagged_logging.rb:71:in `block in tagged'
activesupport (5.2.3) lib/active_support/tagged_logging.rb:28:in `tagged'
activesupport (5.2.3) lib/active_support/tagged_logging.rb:71:in `tagged'
railties (5.2.3) lib/rails/rack/logger.rb:26:in `call'
sprockets-rails (3.2.1) lib/sprockets/rails/quiet_assets.rb:13:in `call'
actionpack (5.2.3) lib/action_dispatch/middleware/remote_ip.rb:81:in `call'
actionpack (5.2.3) lib/action_dispatch/middleware/request_id.rb:27:in `call'
rack (2.0.7) lib/rack/method_override.rb:22:in `call'
rack (2.0.7) lib/rack/runtime.rb:22:in `call'
activesupport (5.2.3) lib/active_support/cache/strategy/local_cache_middleware.rb:29:in `call'
actionpack (5.2.3) lib/action_dispatch/middleware/executor.rb:14:in `call'
actionpack (5.2.3) lib/action_dispatch/middleware/static.rb:127:in `call'
rack (2.0.7) lib/rack/sendfile.rb:111:in `call'
railties (5.2.3) lib/rails/engine.rb:524:in `call'
puma (3.12.1) lib/puma/configuration.rb:227:in `call'
puma (3.12.1) lib/puma/server.rb:660:in `handle_request'
puma (3.12.1) lib/puma/server.rb:474:in `process_client'
puma (3.12.1) lib/puma/server.rb:334:in `block in run'
puma (3.12.1) lib/puma/thread_pool.rb:135:in `block in spawn_thread'
Started GET "/welcome/index" for 127.0.0.1 at 2019-06-09 15:47:03 +0200
  
AbstractController::ActionNotFound (The action 'show' could not be found for WelcomeController):
  
actionpack (5.2.3) lib/abstract_controller/base.rb:129:in `process'
actionview (5.2.3) lib/action_view/rendering.rb:32:in `process'
actionpack (5.2.3) lib/action_controller/metal.rb:191:in `dispatch'
actionpack (5.2.3) lib/action_controller/metal.rb:252:in `dispatch'
actionpack (5.2.3) lib/action_dispatch/routing/route_set.rb:52:in `dispatch'
actionpack (5.2.3) lib/action_dispatch/routing/route_set.rb:34:in `serve'
actionpack (5.2.3) lib/action_dispatch/journey/router.rb:52:in `block in serve'
actionpack (5.2.3) lib/action_dispatch/journey/router.rb:35:in `each'
actionpack (5.2.3) lib/action_dispatch/journey/router.rb:35:in `serve'
actionpack (5.2.3) lib/action_dispatch/routing/route_set.rb:840:in `call'
rack (2.0.7) lib/rack/tempfile_reaper.rb:15:in `call'
rack (2.0.7) lib/rack/etag.rb:25:in `call'
rack (2.0.7) lib/rack/conditional_get.rb:25:in `call'
rack (2.0.7) lib/rack/head.rb:12:in `call'
actionpack (5.2.3) lib/action_dispatch/http/content_security_policy.rb:18:in `call'
rack (2.0.7) lib/rack/session/abstract/id.rb:232:in `context'
rack (2.0.7) lib/rack/session/abstract/id.rb:226:in `call'
actionpack (5.2.3) lib/action_dispatch/middleware/cookies.rb:670:in `call'
activerecord (5.2.3) lib/active_record/migration.rb:559:in `call'
actionpack (5.2.3) lib/action_dispatch/middleware/callbacks.rb:28:in `block in call'
activesupport (5.2.3) lib/active_support/callbacks.rb:98:in `run_callbacks'
actionpack (5.2.3) lib/action_dispatch/middleware/callbacks.rb:26:in `call'
actionpack (5.2.3) lib/action_dispatch/middleware/executor.rb:14:in `call'
actionpack (5.2.3) lib/action_dispatch/middleware/debug_exceptions.rb:61:in `call'
web-console (3.7.0) lib/web_console/middleware.rb:135:in `call_app'
web-console (3.7.0) lib/web_console/middleware.rb:30:in `block in call'
web-console (3.7.0) lib/web_console/middleware.rb:20:in `catch'
web-console (3.7.0) lib/web_console/middleware.rb:20:in `call'
actionpack (5.2.3) lib/action_dispatch/middleware/show_exceptions.rb:33:in `call'
railties (5.2.3) lib/rails/rack/logger.rb:38:in `call_app'
railties (5.2.3) lib/rails/rack/logger.rb:26:in `block in call'
activesupport (5.2.3) lib/active_support/tagged_logging.rb:71:in `block in tagged'
activesupport (5.2.3) lib/active_support/tagged_logging.rb:28:in `tagged'
activesupport (5.2.3) lib/active_support/tagged_logging.rb:71:in `tagged'
railties (5.2.3) lib/rails/rack/logger.rb:26:in `call'
sprockets-rails (3.2.1) lib/sprockets/rails/quiet_assets.rb:13:in `call'
actionpack (5.2.3) lib/action_dispatch/middleware/remote_ip.rb:81:in `call'
actionpack (5.2.3) lib/action_dispatch/middleware/request_id.rb:27:in `call'
rack (2.0.7) lib/rack/method_override.rb:22:in `call'
rack (2.0.7) lib/rack/runtime.rb:22:in `call'
activesupport (5.2.3) lib/active_support/cache/strategy/local_cache_middleware.rb:29:in `call'
actionpack (5.2.3) lib/action_dispatch/middleware/executor.rb:14:in `call'
actionpack (5.2.3) lib/action_dispatch/middleware/static.rb:127:in `call'
rack (2.0.7) lib/rack/sendfile.rb:111:in `call'
railties (5.2.3) lib/rails/engine.rb:524:in `call'
puma (3.12.1) lib/puma/configuration.rb:227:in `call'
puma (3.12.1) lib/puma/server.rb:660:in `handle_request'
puma (3.12.1) lib/puma/server.rb:474:in `process_client'
puma (3.12.1) lib/puma/server.rb:334:in `block in run'
puma (3.12.1) lib/puma/thread_pool.rb:135:in `block in spawn_thread'
Started GET "/" for 127.0.0.1 at 2019-06-09 15:47:06 +0200
Processing by WelcomeController#index as HTML
  Rendering welcome/index.html.erb within layouts/application
  Rendered welcome/index.html.erb within layouts/application (0.3ms)
Completed 200 OK in 2595ms (Views: 2551.6ms | ActiveRecord: 0.0ms)


Started GET "/" for 127.0.0.1 at 2019-06-09 15:48:58 +0200
Processing by WelcomeController#index as HTML
  Rendering welcome/index.html.erb within layouts/application
  Rendered welcome/index.html.erb within layouts/application (0.5ms)
Completed 200 OK in 80ms (Views: 66.5ms | ActiveRecord: 0.0ms)


Started GET "/test" for 127.0.0.1 at 2019-06-09 15:49:00 +0200
  
ActionController::RoutingError (No route matches [GET] "/test"):
  
actionpack (5.2.3) lib/action_dispatch/middleware/debug_exceptions.rb:65:in `call'
web-console (3.7.0) lib/web_console/middleware.rb:135:in `call_app'
web-console (3.7.0) lib/web_console/middleware.rb:30:in `block in call'
web-console (3.7.0) lib/web_console/middleware.rb:20:in `catch'
web-console (3.7.0) lib/web_console/middleware.rb:20:in `call'
actionpack (5.2.3) lib/action_dispatch/middleware/show_exceptions.rb:33:in `call'
railties (5.2.3) lib/rails/rack/logger.rb:38:in `call_app'
railties (5.2.3) lib/rails/rack/logger.rb:26:in `block in call'
activesupport (5.2.3) lib/active_support/tagged_logging.rb:71:in `block in tagged'
activesupport (5.2.3) lib/active_support/tagged_logging.rb:28:in `tagged'
activesupport (5.2.3) lib/active_support/tagged_logging.rb:71:in `tagged'
railties (5.2.3) lib/rails/rack/logger.rb:26:in `call'
sprockets-rails (3.2.1) lib/sprockets/rails/quiet_assets.rb:13:in `call'
actionpack (5.2.3) lib/action_dispatch/middleware/remote_ip.rb:81:in `call'
actionpack (5.2.3) lib/action_dispatch/middleware/request_id.rb:27:in `call'
rack (2.0.7) lib/rack/method_override.rb:22:in `call'
rack (2.0.7) lib/rack/runtime.rb:22:in `call'
activesupport (5.2.3) lib/active_support/cache/strategy/local_cache_middleware.rb:29:in `call'
actionpack (5.2.3) lib/action_dispatch/middleware/executor.rb:14:in `call'
actionpack (5.2.3) lib/action_dispatch/middleware/static.rb:127:in `call'
rack (2.0.7) lib/rack/sendfile.rb:111:in `call'
railties (5.2.3) lib/rails/engine.rb:524:in `call'
puma (3.12.1) lib/puma/configuration.rb:227:in `call'
puma (3.12.1) lib/puma/server.rb:660:in `handle_request'
puma (3.12.1) lib/puma/server.rb:474:in `process_client'
puma (3.12.1) lib/puma/server.rb:334:in `block in run'
puma (3.12.1) lib/puma/thread_pool.rb:135:in `block in spawn_thread'
Started GET "/" for 127.0.0.1 at 2019-06-09 15:49:02 +0200
Processing by WelcomeController#index as HTML
  Rendering welcome/index.html.erb within layouts/application
  Rendered welcome/index.html.erb within layouts/application (0.3ms)
Completed 200 OK in 4261ms (Views: 3571.4ms | ActiveRecord: 0.0ms)


Started GET "/" for 127.0.0.1 at 2019-06-09 15:49:29 +0200
Processing by WelcomeController#index as HTML
  Rendering welcome/index.html.erb within layouts/application
  Rendered welcome/index.html.erb within layouts/application (0.4ms)
Completed 200 OK in 94ms (Views: 82.6ms | ActiveRecord: 0.0ms)


Started GET "/test" for 127.0.0.1 at 2019-06-09 15:49:30 +0200
  
ActionController::RoutingError (No route matches [GET] "/test"):
  
actionpack (5.2.3) lib/action_dispatch/middleware/debug_exceptions.rb:65:in `call'
web-console (3.7.0) lib/web_console/middleware.rb:135:in `call_app'
web-console (3.7.0) lib/web_console/middleware.rb:30:in `block in call'
web-console (3.7.0) lib/web_console/middleware.rb:20:in `catch'
web-console (3.7.0) lib/web_console/middleware.rb:20:in `call'
actionpack (5.2.3) lib/action_dispatch/middleware/show_exceptions.rb:33:in `call'
railties (5.2.3) lib/rails/rack/logger.rb:38:in `call_app'
railties (5.2.3) lib/rails/rack/logger.rb:26:in `block in call'
activesupport (5.2.3) lib/active_support/tagged_logging.rb:71:in `block in tagged'
activesupport (5.2.3) lib/active_support/tagged_logging.rb:28:in `tagged'
activesupport (5.2.3) lib/active_support/tagged_logging.rb:71:in `tagged'
railties (5.2.3) lib/rails/rack/logger.rb:26:in `call'
sprockets-rails (3.2.1) lib/sprockets/rails/quiet_assets.rb:13:in `call'
actionpack (5.2.3) lib/action_dispatch/middleware/remote_ip.rb:81:in `call'
actionpack (5.2.3) lib/action_dispatch/middleware/request_id.rb:27:in `call'
rack (2.0.7) lib/rack/method_override.rb:22:in `call'
rack (2.0.7) lib/rack/runtime.rb:22:in `call'
activesupport (5.2.3) lib/active_support/cache/strategy/local_cache_middleware.rb:29:in `call'
actionpack (5.2.3) lib/action_dispatch/middleware/executor.rb:14:in `call'
actionpack (5.2.3) lib/action_dispatch/middleware/static.rb:127:in `call'
rack (2.0.7) lib/rack/sendfile.rb:111:in `call'
railties (5.2.3) lib/rails/engine.rb:524:in `call'
puma (3.12.1) lib/puma/configuration.rb:227:in `call'
puma (3.12.1) lib/puma/server.rb:660:in `handle_request'
puma (3.12.1) lib/puma/server.rb:474:in `process_client'
puma (3.12.1) lib/puma/server.rb:334:in `block in run'
puma (3.12.1) lib/puma/thread_pool.rb:135:in `block in spawn_thread'
Started GET "/" for 127.0.0.1 at 2019-06-09 15:51:29 +0200
Processing by WelcomeController#index as HTML
  Rendering welcome/index.html.erb within layouts/application
  Rendered welcome/index.html.erb within layouts/application (0.4ms)
Completed 200 OK in 97ms (Views: 81.0ms | ActiveRecord: 0.0ms)


Started GET "/test" for 127.0.0.1 at 2019-06-09 15:51:31 +0200
  
ActionController::RoutingError (No route matches [GET] "/test"):
  
actionpack (5.2.3) lib/action_dispatch/middleware/debug_exceptions.rb:65:in `call'
web-console (3.7.0) lib/web_console/middleware.rb:135:in `call_app'
web-console (3.7.0) lib/web_console/middleware.rb:30:in `block in call'
web-console (3.7.0) lib/web_console/middleware.rb:20:in `catch'
web-console (3.7.0) lib/web_console/middleware.rb:20:in `call'
actionpack (5.2.3) lib/action_dispatch/middleware/show_exceptions.rb:33:in `call'
railties (5.2.3) lib/rails/rack/logger.rb:38:in `call_app'
railties (5.2.3) lib/rails/rack/logger.rb:26:in `block in call'
activesupport (5.2.3) lib/active_support/tagged_logging.rb:71:in `block in tagged'
activesupport (5.2.3) lib/active_support/tagged_logging.rb:28:in `tagged'
activesupport (5.2.3) lib/active_support/tagged_logging.rb:71:in `tagged'
railties (5.2.3) lib/rails/rack/logger.rb:26:in `call'
sprockets-rails (3.2.1) lib/sprockets/rails/quiet_assets.rb:13:in `call'
actionpack (5.2.3) lib/action_dispatch/middleware/remote_ip.rb:81:in `call'
actionpack (5.2.3) lib/action_dispatch/middleware/request_id.rb:27:in `call'
rack (2.0.7) lib/rack/method_override.rb:22:in `call'
rack (2.0.7) lib/rack/runtime.rb:22:in `call'
activesupport (5.2.3) lib/active_support/cache/strategy/local_cache_middleware.rb:29:in `call'
actionpack (5.2.3) lib/action_dispatch/middleware/executor.rb:14:in `call'
actionpack (5.2.3) lib/action_dispatch/middleware/static.rb:127:in `call'
rack (2.0.7) lib/rack/sendfile.rb:111:in `call'
railties (5.2.3) lib/rails/engine.rb:524:in `call'
puma (3.12.1) lib/puma/configuration.rb:227:in `call'
puma (3.12.1) lib/puma/server.rb:660:in `handle_request'
puma (3.12.1) lib/puma/server.rb:474:in `process_client'
puma (3.12.1) lib/puma/server.rb:334:in `block in run'
puma (3.12.1) lib/puma/thread_pool.rb:135:in `block in spawn_thread'
Started GET "/test" for 127.0.0.1 at 2019-06-09 15:52:55 +0200
  
ArgumentError (Missing :controller key on routes definition, please check your routes.):
  
config/routes.rb:5:in `block in <top (required)>'
config/routes.rb:1:in `<top (required)>'
Started GET "/test" for 127.0.0.1 at 2019-06-09 15:55:25 +0200
  
ArgumentError (Missing :action key on routes definition, please check your routes.):
  
config/routes.rb:5:in `block (2 levels) in <top (required)>'
config/routes.rb:4:in `block in <top (required)>'
config/routes.rb:1:in `<top (required)>'
Started GET "/test" for 127.0.0.1 at 2019-06-09 15:55:48 +0200
  
ActionController::RoutingError (No route matches [GET] "/test"):
  
actionpack (5.2.3) lib/action_dispatch/middleware/debug_exceptions.rb:65:in `call'
web-console (3.7.0) lib/web_console/middleware.rb:135:in `call_app'
web-console (3.7.0) lib/web_console/middleware.rb:30:in `block in call'
web-console (3.7.0) lib/web_console/middleware.rb:20:in `catch'
web-console (3.7.0) lib/web_console/middleware.rb:20:in `call'
actionpack (5.2.3) lib/action_dispatch/middleware/show_exceptions.rb:33:in `call'
railties (5.2.3) lib/rails/rack/logger.rb:38:in `call_app'
railties (5.2.3) lib/rails/rack/logger.rb:26:in `block in call'
activesupport (5.2.3) lib/active_support/tagged_logging.rb:71:in `block in tagged'
activesupport (5.2.3) lib/active_support/tagged_logging.rb:28:in `tagged'
activesupport (5.2.3) lib/active_support/tagged_logging.rb:71:in `tagged'
railties (5.2.3) lib/rails/rack/logger.rb:26:in `call'
sprockets-rails (3.2.1) lib/sprockets/rails/quiet_assets.rb:13:in `call'
actionpack (5.2.3) lib/action_dispatch/middleware/remote_ip.rb:81:in `call'
actionpack (5.2.3) lib/action_dispatch/middleware/request_id.rb:27:in `call'
rack (2.0.7) lib/rack/method_override.rb:22:in `call'
rack (2.0.7) lib/rack/runtime.rb:22:in `call'
activesupport (5.2.3) lib/active_support/cache/strategy/local_cache_middleware.rb:29:in `call'
actionpack (5.2.3) lib/action_dispatch/middleware/executor.rb:14:in `call'
actionpack (5.2.3) lib/action_dispatch/middleware/static.rb:127:in `call'
rack (2.0.7) lib/rack/sendfile.rb:111:in `call'
railties (5.2.3) lib/rails/engine.rb:524:in `call'
puma (3.12.1) lib/puma/configuration.rb:227:in `call'
puma (3.12.1) lib/puma/server.rb:660:in `handle_request'
puma (3.12.1) lib/puma/server.rb:474:in `process_client'
puma (3.12.1) lib/puma/server.rb:334:in `block in run'
puma (3.12.1) lib/puma/thread_pool.rb:135:in `block in spawn_thread'
Started GET "/test" for 127.0.0.1 at 2019-06-09 15:56:20 +0200
  
ArgumentError (Missing :action key on routes definition, please check your routes.):
  
config/routes.rb:5:in `block (2 levels) in <top (required)>'
config/routes.rb:4:in `block in <top (required)>'
config/routes.rb:1:in `<top (required)>'
Started GET "/test" for 127.0.0.1 at 2019-06-09 15:57:14 +0200
  
ActionController::RoutingError (No route matches [GET] "/test"):
  
actionpack (5.2.3) lib/action_dispatch/middleware/debug_exceptions.rb:65:in `call'
web-console (3.7.0) lib/web_console/middleware.rb:135:in `call_app'
web-console (3.7.0) lib/web_console/middleware.rb:30:in `block in call'
web-console (3.7.0) lib/web_console/middleware.rb:20:in `catch'
web-console (3.7.0) lib/web_console/middleware.rb:20:in `call'
actionpack (5.2.3) lib/action_dispatch/middleware/show_exceptions.rb:33:in `call'
railties (5.2.3) lib/rails/rack/logger.rb:38:in `call_app'
railties (5.2.3) lib/rails/rack/logger.rb:26:in `block in call'
activesupport (5.2.3) lib/active_support/tagged_logging.rb:71:in `block in tagged'
activesupport (5.2.3) lib/active_support/tagged_logging.rb:28:in `tagged'
activesupport (5.2.3) lib/active_support/tagged_logging.rb:71:in `tagged'
railties (5.2.3) lib/rails/rack/logger.rb:26:in `call'
sprockets-rails (3.2.1) lib/sprockets/rails/quiet_assets.rb:13:in `call'
actionpack (5.2.3) lib/action_dispatch/middleware/remote_ip.rb:81:in `call'
actionpack (5.2.3) lib/action_dispatch/middleware/request_id.rb:27:in `call'
rack (2.0.7) lib/rack/method_override.rb:22:in `call'
rack (2.0.7) lib/rack/runtime.rb:22:in `call'
activesupport (5.2.3) lib/active_support/cache/strategy/local_cache_middleware.rb:29:in `call'
actionpack (5.2.3) lib/action_dispatch/middleware/executor.rb:14:in `call'
actionpack (5.2.3) lib/action_dispatch/middleware/static.rb:127:in `call'
rack (2.0.7) lib/rack/sendfile.rb:111:in `call'
railties (5.2.3) lib/rails/engine.rb:524:in `call'
puma (3.12.1) lib/puma/configuration.rb:227:in `call'
puma (3.12.1) lib/puma/server.rb:660:in `handle_request'
puma (3.12.1) lib/puma/server.rb:474:in `process_client'
puma (3.12.1) lib/puma/server.rb:334:in `block in run'
puma (3.12.1) lib/puma/thread_pool.rb:135:in `block in spawn_thread'
Started GET "/" for 127.0.0.1 at 2019-06-09 19:07:23 +0200
Processing by WelcomeController#index as HTML
  Rendering welcome/index.html.erb within layouts/application
  Rendered welcome/index.html.erb within layouts/application (1.6ms)
Completed 200 OK in 229ms (Views: 213.4ms | ActiveRecord: 0.0ms)


Started GET "/test" for 127.0.0.1 at 2019-06-09 19:07:34 +0200
Processing by WelcomeController#test as HTML
  Rendering welcome/test.html.erb within layouts/application
  Rendered welcome/test.html.erb within layouts/application (0.3ms)
Completed 200 OK in 77ms (Views: 63.5ms | ActiveRecord: 0.0ms)


Started GET "/test" for 127.0.0.1 at 2019-06-09 19:13:23 +0200
Processing by PagesController#test as HTML
Completed 406 Not Acceptable in 718ms (ActiveRecord: 0.0ms)


  
ActionController::UnknownFormat (PagesController#test is missing a template for this request format and variant.

request.formats: ["text/html"]
request.variant: []

NOTE! For XHR/Ajax or API requests, this action would normally respond with 204 No Content: an empty white screen. Since you're loading it in a web browser, we assume that you expected to actually render a template, not nothing, so we're showing an error to be extra-clear. If you expect 204 No Content, carry on. That's what you'll get from an XHR or API request. Give it a shot.):
  
actionpack (5.2.3) lib/action_controller/metal/implicit_render.rb:55:in `default_render'
actionpack (5.2.3) lib/action_controller/metal/basic_implicit_render.rb:6:in `block in send_action'
actionpack (5.2.3) lib/action_controller/metal/basic_implicit_render.rb:6:in `tap'
actionpack (5.2.3) lib/action_controller/metal/basic_implicit_render.rb:6:in `send_action'
actionpack (5.2.3) lib/abstract_controller/base.rb:194:in `process_action'
actionpack (5.2.3) lib/action_controller/metal/rendering.rb:30:in `process_action'
actionpack (5.2.3) lib/abstract_controller/callbacks.rb:42:in `block in process_action'
activesupport (5.2.3) lib/active_support/callbacks.rb:132:in `run_callbacks'
actionpack (5.2.3) lib/abstract_controller/callbacks.rb:41:in `process_action'
actionpack (5.2.3) lib/action_controller/metal/rescue.rb:22:in `process_action'
actionpack (5.2.3) lib/action_controller/metal/instrumentation.rb:34:in `block in process_action'
activesupport (5.2.3) lib/active_support/notifications.rb:168:in `block in instrument'
activesupport (5.2.3) lib/active_support/notifications/instrumenter.rb:23:in `instrument'
activesupport (5.2.3) lib/active_support/notifications.rb:168:in `instrument'
actionpack (5.2.3) lib/action_controller/metal/instrumentation.rb:32:in `process_action'
actionpack (5.2.3) lib/action_controller/metal/params_wrapper.rb:256:in `process_action'
activerecord (5.2.3) lib/active_record/railties/controller_runtime.rb:24:in `process_action'
actionpack (5.2.3) lib/abstract_controller/base.rb:134:in `process'
actionview (5.2.3) lib/action_view/rendering.rb:32:in `process'
actionpack (5.2.3) lib/action_controller/metal.rb:191:in `dispatch'
actionpack (5.2.3) lib/action_controller/metal.rb:252:in `dispatch'
actionpack (5.2.3) lib/action_dispatch/routing/route_set.rb:52:in `dispatch'
actionpack (5.2.3) lib/action_dispatch/routing/route_set.rb:34:in `serve'
actionpack (5.2.3) lib/action_dispatch/journey/router.rb:52:in `block in serve'
actionpack (5.2.3) lib/action_dispatch/journey/router.rb:35:in `each'
actionpack (5.2.3) lib/action_dispatch/journey/router.rb:35:in `serve'
actionpack (5.2.3) lib/action_dispatch/routing/route_set.rb:840:in `call'
rack (2.0.7) lib/rack/tempfile_reaper.rb:15:in `call'
rack (2.0.7) lib/rack/etag.rb:25:in `call'
rack (2.0.7) lib/rack/conditional_get.rb:25:in `call'
rack (2.0.7) lib/rack/head.rb:12:in `call'
actionpack (5.2.3) lib/action_dispatch/http/content_security_policy.rb:18:in `call'
rack (2.0.7) lib/rack/session/abstract/id.rb:232:in `context'
rack (2.0.7) lib/rack/session/abstract/id.rb:226:in `call'
actionpack (5.2.3) lib/action_dispatch/middleware/cookies.rb:670:in `call'
activerecord (5.2.3) lib/active_record/migration.rb:559:in `call'
actionpack (5.2.3) lib/action_dispatch/middleware/callbacks.rb:28:in `block in call'
activesupport (5.2.3) lib/active_support/callbacks.rb:98:in `run_callbacks'
actionpack (5.2.3) lib/action_dispatch/middleware/callbacks.rb:26:in `call'
actionpack (5.2.3) lib/action_dispatch/middleware/executor.rb:14:in `call'
actionpack (5.2.3) lib/action_dispatch/middleware/debug_exceptions.rb:61:in `call'
web-console (3.7.0) lib/web_console/middleware.rb:135:in `call_app'
web-console (3.7.0) lib/web_console/middleware.rb:30:in `block in call'
web-console (3.7.0) lib/web_console/middleware.rb:20:in `catch'
web-console (3.7.0) lib/web_console/middleware.rb:20:in `call'
actionpack (5.2.3) lib/action_dispatch/middleware/show_exceptions.rb:33:in `call'
railties (5.2.3) lib/rails/rack/logger.rb:38:in `call_app'
railties (5.2.3) lib/rails/rack/logger.rb:26:in `block in call'
activesupport (5.2.3) lib/active_support/tagged_logging.rb:71:in `block in tagged'
activesupport (5.2.3) lib/active_support/tagged_logging.rb:28:in `tagged'
activesupport (5.2.3) lib/active_support/tagged_logging.rb:71:in `tagged'
railties (5.2.3) lib/rails/rack/logger.rb:26:in `call'
sprockets-rails (3.2.1) lib/sprockets/rails/quiet_assets.rb:13:in `call'
actionpack (5.2.3) lib/action_dispatch/middleware/remote_ip.rb:81:in `call'
actionpack (5.2.3) lib/action_dispatch/middleware/request_id.rb:27:in `call'
rack (2.0.7) lib/rack/method_override.rb:22:in `call'
rack (2.0.7) lib/rack/runtime.rb:22:in `call'
activesupport (5.2.3) lib/active_support/cache/strategy/local_cache_middleware.rb:29:in `call'
actionpack (5.2.3) lib/action_dispatch/middleware/executor.rb:14:in `call'
actionpack (5.2.3) lib/action_dispatch/middleware/static.rb:127:in `call'
rack (2.0.7) lib/rack/sendfile.rb:111:in `call'
railties (5.2.3) lib/rails/engine.rb:524:in `call'
puma (3.12.1) lib/puma/configuration.rb:227:in `call'
puma (3.12.1) lib/puma/server.rb:660:in `handle_request'
puma (3.12.1) lib/puma/server.rb:474:in `process_client'
puma (3.12.1) lib/puma/server.rb:334:in `block in run'
puma (3.12.1) lib/puma/thread_pool.rb:135:in `block in spawn_thread'
Started GET "/test" for 127.0.0.1 at 2019-06-09 19:15:06 +0200
Processing by PagesController#test as HTML
Completed 406 Not Acceptable in 722ms (ActiveRecord: 0.0ms)


  
ActionController::UnknownFormat (PagesController#test is missing a template for this request format and variant.

request.formats: ["text/html"]
request.variant: []

NOTE! For XHR/Ajax or API requests, this action would normally respond with 204 No Content: an empty white screen. Since you're loading it in a web browser, we assume that you expected to actually render a template, not nothing, so we're showing an error to be extra-clear. If you expect 204 No Content, carry on. That's what you'll get from an XHR or API request. Give it a shot.):
  
actionpack (5.2.3) lib/action_controller/metal/implicit_render.rb:55:in `default_render'
actionpack (5.2.3) lib/action_controller/metal/basic_implicit_render.rb:6:in `block in send_action'
actionpack (5.2.3) lib/action_controller/metal/basic_implicit_render.rb:6:in `tap'
actionpack (5.2.3) lib/action_controller/metal/basic_implicit_render.rb:6:in `send_action'
actionpack (5.2.3) lib/abstract_controller/base.rb:194:in `process_action'
actionpack (5.2.3) lib/action_controller/metal/rendering.rb:30:in `process_action'
actionpack (5.2.3) lib/abstract_controller/callbacks.rb:42:in `block in process_action'
activesupport (5.2.3) lib/active_support/callbacks.rb:132:in `run_callbacks'
actionpack (5.2.3) lib/abstract_controller/callbacks.rb:41:in `process_action'
actionpack (5.2.3) lib/action_controller/metal/rescue.rb:22:in `process_action'
actionpack (5.2.3) lib/action_controller/metal/instrumentation.rb:34:in `block in process_action'
activesupport (5.2.3) lib/active_support/notifications.rb:168:in `block in instrument'
activesupport (5.2.3) lib/active_support/notifications/instrumenter.rb:23:in `instrument'
activesupport (5.2.3) lib/active_support/notifications.rb:168:in `instrument'
actionpack (5.2.3) lib/action_controller/metal/instrumentation.rb:32:in `process_action'
actionpack (5.2.3) lib/action_controller/metal/params_wrapper.rb:256:in `process_action'
activerecord (5.2.3) lib/active_record/railties/controller_runtime.rb:24:in `process_action'
actionpack (5.2.3) lib/abstract_controller/base.rb:134:in `process'
actionview (5.2.3) lib/action_view/rendering.rb:32:in `process'
actionpack (5.2.3) lib/action_controller/metal.rb:191:in `dispatch'
actionpack (5.2.3) lib/action_controller/metal.rb:252:in `dispatch'
actionpack (5.2.3) lib/action_dispatch/routing/route_set.rb:52:in `dispatch'
actionpack (5.2.3) lib/action_dispatch/routing/route_set.rb:34:in `serve'
actionpack (5.2.3) lib/action_dispatch/journey/router.rb:52:in `block in serve'
actionpack (5.2.3) lib/action_dispatch/journey/router.rb:35:in `each'
actionpack (5.2.3) lib/action_dispatch/journey/router.rb:35:in `serve'
actionpack (5.2.3) lib/action_dispatch/routing/route_set.rb:840:in `call'
rack (2.0.7) lib/rack/tempfile_reaper.rb:15:in `call'
rack (2.0.7) lib/rack/etag.rb:25:in `call'
rack (2.0.7) lib/rack/conditional_get.rb:25:in `call'
rack (2.0.7) lib/rack/head.rb:12:in `call'
actionpack (5.2.3) lib/action_dispatch/http/content_security_policy.rb:18:in `call'
rack (2.0.7) lib/rack/session/abstract/id.rb:232:in `context'
rack (2.0.7) lib/rack/session/abstract/id.rb:226:in `call'
actionpack (5.2.3) lib/action_dispatch/middleware/cookies.rb:670:in `call'
activerecord (5.2.3) lib/active_record/migration.rb:559:in `call'
actionpack (5.2.3) lib/action_dispatch/middleware/callbacks.rb:28:in `block in call'
activesupport (5.2.3) lib/active_support/callbacks.rb:98:in `run_callbacks'
actionpack (5.2.3) lib/action_dispatch/middleware/callbacks.rb:26:in `call'
actionpack (5.2.3) lib/action_dispatch/middleware/executor.rb:14:in `call'
actionpack (5.2.3) lib/action_dispatch/middleware/debug_exceptions.rb:61:in `call'
web-console (3.7.0) lib/web_console/middleware.rb:135:in `call_app'
web-console (3.7.0) lib/web_console/middleware.rb:30:in `block in call'
web-console (3.7.0) lib/web_console/middleware.rb:20:in `catch'
web-console (3.7.0) lib/web_console/middleware.rb:20:in `call'
actionpack (5.2.3) lib/action_dispatch/middleware/show_exceptions.rb:33:in `call'
railties (5.2.3) lib/rails/rack/logger.rb:38:in `call_app'
railties (5.2.3) lib/rails/rack/logger.rb:26:in `block in call'
activesupport (5.2.3) lib/active_support/tagged_logging.rb:71:in `block in tagged'
activesupport (5.2.3) lib/active_support/tagged_logging.rb:28:in `tagged'
activesupport (5.2.3) lib/active_support/tagged_logging.rb:71:in `tagged'
railties (5.2.3) lib/rails/rack/logger.rb:26:in `call'
sprockets-rails (3.2.1) lib/sprockets/rails/quiet_assets.rb:13:in `call'
actionpack (5.2.3) lib/action_dispatch/middleware/remote_ip.rb:81:in `call'
actionpack (5.2.3) lib/action_dispatch/middleware/request_id.rb:27:in `call'
rack (2.0.7) lib/rack/method_override.rb:22:in `call'
rack (2.0.7) lib/rack/runtime.rb:22:in `call'
activesupport (5.2.3) lib/active_support/cache/strategy/local_cache_middleware.rb:29:in `call'
actionpack (5.2.3) lib/action_dispatch/middleware/executor.rb:14:in `call'
actionpack (5.2.3) lib/action_dispatch/middleware/static.rb:127:in `call'
rack (2.0.7) lib/rack/sendfile.rb:111:in `call'
railties (5.2.3) lib/rails/engine.rb:524:in `call'
puma (3.12.1) lib/puma/configuration.rb:227:in `call'
puma (3.12.1) lib/puma/server.rb:660:in `handle_request'
puma (3.12.1) lib/puma/server.rb:474:in `process_client'
puma (3.12.1) lib/puma/server.rb:334:in `block in run'
puma (3.12.1) lib/puma/thread_pool.rb:135:in `block in spawn_thread'
Started GET "/test" for 127.0.0.1 at 2019-06-09 19:17:19 +0200
Processing by WelcomeController#test as HTML
  Rendering welcome/test.html.erb within layouts/application
  Rendered welcome/test.html.erb within layouts/application (2.1ms)
Completed 200 OK in 712ms (Views: 696.9ms | ActiveRecord: 0.0ms)


Started GET "/test" for 127.0.0.1 at 2019-06-09 19:18:02 +0200
Processing by WelcomeController#test as HTML
  Rendering welcome/test.html.erb within layouts/application
  Rendered welcome/test.html.erb within layouts/application (0.4ms)
Completed 200 OK in 170ms (Views: 154.1ms | ActiveRecord: 0.0ms)


Started GET "/test" for 127.0.0.1 at 2019-06-09 19:18:38 +0200
Processing by WelcomeController#test as HTML
  Rendering welcome/test.html.erb within layouts/application
  Rendered welcome/test.html.erb within layouts/application (0.3ms)
Completed 200 OK in 161ms (Views: 148.6ms | ActiveRecord: 0.0ms)


Started GET "/test" for 127.0.0.1 at 2019-06-09 19:18:54 +0200
Processing by WelcomeController#test as HTML
  Rendering welcome/test.html.erb within layouts/application
  Rendered welcome/test.html.erb within layouts/application (0.5ms)
Completed 200 OK in 138ms (Views: 127.5ms | ActiveRecord: 0.0ms)


Started GET "/test" for 127.0.0.1 at 2019-06-09 19:19:04 +0200
Processing by WelcomeController#test as HTML
  Rendering welcome/test.html.erb within layouts/application
  Rendered welcome/test.html.erb within layouts/application (0.4ms)
Completed 200 OK in 201ms (Views: 191.2ms | ActiveRecord: 0.0ms)


Started GET "/test" for 127.0.0.1 at 2019-06-09 19:20:32 +0200
Processing by WelcomeController#test as HTML
  Rendering welcome/test.html.erb within layouts/application
  Rendered welcome/test.html.erb within layouts/application (0.5ms)
Completed 200 OK in 173ms (Views: 162.0ms | ActiveRecord: 0.0ms)


Started GET "/test" for 127.0.0.1 at 2019-06-09 19:22:27 +0200
Processing by WelcomeController#test as HTML
  Rendering welcome/test.html.erb within layouts/application
  Rendered welcome/test.html.erb within layouts/application (0.3ms)
Completed 200 OK in 180ms (Views: 164.7ms | ActiveRecord: 0.0ms)


Started GET "/test" for 127.0.0.1 at 2019-06-09 19:22:52 +0200
Processing by WelcomeController#test as HTML
  Rendering welcome/test.html.erb within layouts/application
  Rendered welcome/test.html.erb within layouts/application (0.3ms)
Completed 200 OK in 151ms (Views: 141.2ms | ActiveRecord: 0.0ms)


Started GET "/test" for 127.0.0.1 at 2019-06-09 19:23:09 +0200
Processing by WelcomeController#test as HTML
  Rendering welcome/test.html.erb within layouts/application
  Rendered welcome/test.html.erb within layouts/application (0.4ms)
Completed 200 OK in 240ms (Views: 228.0ms | ActiveRecord: 0.0ms)


Started GET "/test" for 127.0.0.1 at 2019-06-09 19:23:28 +0200
Processing by WelcomeController#test as HTML
  Rendering welcome/test.html.erb within layouts/application
  Rendered welcome/test.html.erb within layouts/application (0.3ms)
Completed 200 OK in 130ms (Views: 119.9ms | ActiveRecord: 0.0ms)


Started GET "/test" for 127.0.0.1 at 2019-06-09 19:23:35 +0200
Processing by WelcomeController#test as HTML
  Rendering welcome/test.html.erb within layouts/application
  Rendered welcome/test.html.erb within layouts/application (0.3ms)
Completed 200 OK in 139ms (Views: 127.6ms | ActiveRecord: 0.0ms)


Started GET "/test" for 127.0.0.1 at 2019-06-09 19:23:48 +0200
Processing by WelcomeController#test as HTML
  Rendering welcome/test.html.erb within layouts/application
  Rendered welcome/test.html.erb within layouts/application (0.3ms)
Completed 200 OK in 188ms (Views: 178.0ms | ActiveRecord: 0.0ms)


Started GET "/test" for 127.0.0.1 at 2019-06-09 19:24:00 +0200
Processing by WelcomeController#test as HTML
  Rendering welcome/test.html.erb within layouts/application
  Rendered welcome/test.html.erb within layouts/application (0.3ms)
Completed 200 OK in 184ms (Views: 174.6ms | ActiveRecord: 0.0ms)


Started GET "/test" for 127.0.0.1 at 2019-06-09 19:24:13 +0200
Processing by WelcomeController#test as HTML
  Rendering welcome/test.html.erb within layouts/application
  Rendered welcome/test.html.erb within layouts/application (0.3ms)
Completed 200 OK in 146ms (Views: 136.6ms | ActiveRecord: 0.0ms)


Started GET "/test" for 127.0.0.1 at 2019-06-09 19:24:23 +0200
Processing by WelcomeController#test as HTML
  Rendering welcome/test.html.erb within layouts/application
  Rendered welcome/test.html.erb within layouts/application (0.2ms)
Completed 200 OK in 198ms (Views: 187.9ms | ActiveRecord: 0.0ms)


Started GET "/test" for 127.0.0.1 at 2019-06-09 19:24:28 +0200
Processing by WelcomeController#test as HTML
  Rendering welcome/test.html.erb within layouts/application
  Rendered welcome/test.html.erb within layouts/application (0.3ms)
Completed 200 OK in 153ms (Views: 141.2ms | ActiveRecord: 0.0ms)


Started GET "/test" for 127.0.0.1 at 2019-06-09 19:24:48 +0200
Processing by WelcomeController#test as HTML
  Rendering welcome/test.html.erb within layouts/application
  Rendered welcome/test.html.erb within layouts/application (0.3ms)
Completed 200 OK in 148ms (Views: 134.5ms | ActiveRecord: 0.0ms)


Started GET "/test" for 127.0.0.1 at 2019-06-09 19:24:50 +0200
Processing by WelcomeController#test as HTML
  Rendering welcome/test.html.erb within layouts/application
  Rendered welcome/test.html.erb within layouts/application (0.3ms)
Completed 200 OK in 77ms (Views: 66.9ms | ActiveRecord: 0.0ms)


Started GET "/test" for 127.0.0.1 at 2019-06-09 19:25:15 +0200
Processing by WelcomeController#test as HTML
  Rendering welcome/test.html.erb within layouts/application
  Rendered welcome/test.html.erb within layouts/application (0.3ms)
Completed 200 OK in 163ms (Views: 153.8ms | ActiveRecord: 0.0ms)


Started GET "/test" for 127.0.0.1 at 2019-06-09 19:26:31 +0200
Processing by WelcomeController#test as HTML
  Rendering welcome/test.html.erb within layouts/application
  Rendered welcome/test.html.erb within layouts/application (0.3ms)
Completed 200 OK in 169ms (Views: 156.4ms | ActiveRecord: 0.0ms)


Started GET "/test" for 127.0.0.1 at 2019-06-09 19:26:36 +0200
Processing by WelcomeController#test as HTML
  Rendering welcome/test.html.erb within layouts/application
  Rendered welcome/test.html.erb within layouts/application (0.3ms)
Completed 200 OK in 78ms (Views: 67.7ms | ActiveRecord: 0.0ms)


Started GET "/test" for 127.0.0.1 at 2019-06-09 19:27:06 +0200
Processing by WelcomeController#test as HTML
  Rendering welcome/test.html.erb within layouts/application
  Rendered welcome/test.html.erb within layouts/application (0.5ms)
Completed 200 OK in 142ms (Views: 131.7ms | ActiveRecord: 0.0ms)


Started GET "/test" for 127.0.0.1 at 2019-06-09 19:27:40 +0200
Processing by WelcomeController#test as HTML
  Rendering welcome/test.html.erb within layouts/application
  Rendered welcome/test.html.erb within layouts/application (0.3ms)
Completed 200 OK in 145ms (Views: 132.7ms | ActiveRecord: 0.0ms)


Started GET "/test" for 127.0.0.1 at 2019-06-09 19:28:06 +0200
Processing by WelcomeController#test as HTML
  Rendering welcome/test.html.erb within layouts/application
  Rendered welcome/test.html.erb within layouts/application (0.3ms)
Completed 200 OK in 148ms (Views: 136.8ms | ActiveRecord: 0.0ms)


Started GET "/test" for 127.0.0.1 at 2019-06-09 19:28:52 +0200
Processing by WelcomeController#test as HTML
  Rendering welcome/test.html.erb within layouts/application
  Rendered welcome/test.html.erb within layouts/application (0.3ms)
Completed 200 OK in 158ms (Views: 148.0ms | ActiveRecord: 0.0ms)


Started GET "/test" for 127.0.0.1 at 2019-06-09 19:29:08 +0200
Processing by WelcomeController#test as HTML
  Rendering welcome/test.html.erb within layouts/application
  Rendered welcome/test.html.erb within layouts/application (0.3ms)
Completed 200 OK in 195ms (Views: 182.6ms | ActiveRecord: 0.0ms)


Started GET "/test" for 127.0.0.1 at 2019-06-09 19:29:17 +0200
Processing by WelcomeController#test as HTML
  Rendering welcome/test.html.erb within layouts/application
  Rendered welcome/test.html.erb within layouts/application (0.4ms)
Completed 200 OK in 146ms (Views: 131.4ms | ActiveRecord: 0.0ms)


Started GET "/test" for 127.0.0.1 at 2019-06-09 19:29:27 +0200
Processing by WelcomeController#test as HTML
  Rendering welcome/test.html.erb within layouts/application
  Rendered welcome/test.html.erb within layouts/application (0.3ms)
Completed 200 OK in 174ms (Views: 162.5ms | ActiveRecord: 0.0ms)


Started GET "/test" for 127.0.0.1 at 2019-06-09 19:29:41 +0200
Processing by WelcomeController#test as HTML
  Rendering welcome/test.html.erb within layouts/application
  Rendered welcome/test.html.erb within layouts/application (0.3ms)
Completed 200 OK in 172ms (Views: 162.2ms | ActiveRecord: 0.0ms)


Started GET "/test" for 127.0.0.1 at 2019-06-09 19:29:46 +0200
Processing by WelcomeController#test as HTML
  Rendering welcome/test.html.erb within layouts/application
  Rendered welcome/test.html.erb within layouts/application (0.3ms)
Completed 200 OK in 80ms (Views: 70.4ms | ActiveRecord: 0.0ms)


Started GET "/test" for 127.0.0.1 at 2019-06-09 19:30:01 +0200
Processing by WelcomeController#test as HTML
  Rendering welcome/test.html.erb within layouts/application
  Rendered welcome/test.html.erb within layouts/application (0.3ms)
Completed 200 OK in 187ms (Views: 175.0ms | ActiveRecord: 0.0ms)


Started GET "/test" for 127.0.0.1 at 2019-06-09 19:30:06 +0200
Processing by WelcomeController#test as HTML
  Rendering welcome/test.html.erb within layouts/application
  Rendered welcome/test.html.erb within layouts/application (0.3ms)
Completed 200 OK in 81ms (Views: 70.7ms | ActiveRecord: 0.0ms)


Started GET "/test" for 127.0.0.1 at 2019-06-09 19:30:15 +0200
Processing by WelcomeController#test as HTML
  Rendering welcome/test.html.erb within layouts/application
  Rendered welcome/test.html.erb within layouts/application (0.4ms)
Completed 200 OK in 151ms (Views: 139.6ms | ActiveRecord: 0.0ms)


Started GET "/test" for 127.0.0.1 at 2019-06-09 19:30:29 +0200
Processing by WelcomeController#test as HTML
  Rendering welcome/test.html.erb within layouts/application
  Rendered welcome/test.html.erb within layouts/application (0.3ms)
Completed 200 OK in 188ms (Views: 172.1ms | ActiveRecord: 0.0ms)


Started GET "/test" for 127.0.0.1 at 2019-06-09 19:30:45 +0200
Processing by WelcomeController#test as HTML
  Rendering welcome/test.html.erb within layouts/application
  Rendered welcome/test.html.erb within layouts/application (0.5ms)
Completed 200 OK in 144ms (Views: 124.3ms | ActiveRecord: 0.0ms)


Started GET "/test" for 127.0.0.1 at 2019-06-09 19:31:51 +0200
Processing by WelcomeController#test as HTML
  Rendering welcome/test.html.erb within layouts/application
  Rendered welcome/test.html.erb within layouts/application (0.3ms)
Completed 200 OK in 92ms (Views: 81.0ms | ActiveRecord: 0.0ms)


Started GET "/test" for 127.0.0.1 at 2019-06-09 19:32:25 +0200
Processing by WelcomeController#test as HTML
  Rendering welcome/test.html.erb within layouts/application
  Rendered welcome/test.html.erb within layouts/application (0.3ms)
Completed 200 OK in 77ms (Views: 67.1ms | ActiveRecord: 0.0ms)


Started GET "/test" for 127.0.0.1 at 2019-06-09 19:32:50 +0200
Processing by WelcomeController#test as HTML
  Rendering welcome/test.html.erb within layouts/application
  Rendered welcome/test.html.erb within layouts/application (0.3ms)
Completed 200 OK in 89ms (Views: 78.6ms | ActiveRecord: 0.0ms)


Started GET "/test" for 127.0.0.1 at 2019-06-09 19:33:08 +0200
Processing by WelcomeController#test as HTML
  Rendering welcome/test.html.erb within layouts/application
  Rendered welcome/test.html.erb within layouts/application (0.3ms)
Completed 200 OK in 229ms (Views: 216.0ms | ActiveRecord: 0.0ms)


Started GET "/test" for 127.0.0.1 at 2019-06-09 19:33:48 +0200
Processing by WelcomeController#test as HTML
  Rendering welcome/test.html.erb within layouts/application
  Rendered welcome/test.html.erb within layouts/application (0.3ms)
Completed 200 OK in 162ms (Views: 152.0ms | ActiveRecord: 0.0ms)


Started GET "/test" for 127.0.0.1 at 2019-06-09 19:34:13 +0200
Processing by WelcomeController#test as HTML
  Rendering welcome/test.html.erb within layouts/application
  Rendered welcome/test.html.erb within layouts/application (0.3ms)
Completed 200 OK in 169ms (Views: 157.5ms | ActiveRecord: 0.0ms)


Started GET "/test" for 127.0.0.1 at 2019-06-09 19:34:26 +0200
Processing by WelcomeController#test as HTML
  Rendering welcome/test.html.erb within layouts/application
  Rendered welcome/test.html.erb within layouts/application (0.3ms)
Completed 200 OK in 161ms (Views: 151.1ms | ActiveRecord: 0.0ms)


Started GET "/test" for 127.0.0.1 at 2019-06-09 19:34:58 +0200
Processing by WelcomeController#test as HTML
  Rendering welcome/test.html.erb within layouts/application
  Rendered welcome/test.html.erb within layouts/application (0.3ms)
Completed 200 OK in 232ms (Views: 218.4ms | ActiveRecord: 0.0ms)


Started GET "/test" for 127.0.0.1 at 2019-06-09 19:35:04 +0200
Processing by WelcomeController#test as HTML
  Rendering welcome/test.html.erb within layouts/application
  Rendered welcome/test.html.erb within layouts/application (0.3ms)
Completed 200 OK in 369ms (Views: 358.7ms | ActiveRecord: 0.0ms)


Started GET "/test" for 127.0.0.1 at 2019-06-09 19:35:46 +0200
Processing by WelcomeController#test as HTML
  Rendering welcome/test.html.erb within layouts/application
  Rendered welcome/test.html.erb within layouts/application (0.3ms)
Completed 200 OK in 74ms (Views: 63.9ms | ActiveRecord: 0.0ms)


Started GET "/test" for 127.0.0.1 at 2019-06-09 19:35:47 +0200
Processing by WelcomeController#test as HTML
  Rendering welcome/test.html.erb within layouts/application
  Rendered welcome/test.html.erb within layouts/application (0.3ms)
Completed 200 OK in 80ms (Views: 69.9ms | ActiveRecord: 0.0ms)


Started GET "/test" for 127.0.0.1 at 2019-06-09 19:35:48 +0200
Processing by WelcomeController#test as HTML
  Rendering welcome/test.html.erb within layouts/application
  Rendered welcome/test.html.erb within layouts/application (0.3ms)
Completed 200 OK in 73ms (Views: 63.2ms | ActiveRecord: 0.0ms)


Started GET "/test" for 127.0.0.1 at 2019-06-09 19:35:54 +0200
Processing by WelcomeController#test as HTML
  Rendering welcome/test.html.erb within layouts/application
  Rendered welcome/test.html.erb within layouts/application (0.3ms)
Completed 200 OK in 361ms (Views: 340.2ms | ActiveRecord: 0.0ms)


Started GET "/" for 127.0.0.1 at 2019-06-09 19:35:56 +0200
Processing by WelcomeController#index as HTML
  Rendering welcome/index.html.erb within layouts/application
  Rendered welcome/index.html.erb within layouts/application (0.3ms)
Completed 200 OK in 73ms (Views: 63.0ms | ActiveRecord: 0.0ms)


Started GET "/" for 127.0.0.1 at 2019-06-09 19:35:58 +0200
Processing by WelcomeController#index as HTML
  Rendering welcome/index.html.erb within layouts/application
  Rendered welcome/index.html.erb within layouts/application (0.2ms)
Completed 200 OK in 71ms (Views: 61.3ms | ActiveRecord: 0.0ms)


Started GET "/" for 127.0.0.1 at 2019-06-09 19:35:59 +0200
Processing by WelcomeController#index as HTML
  Rendering welcome/index.html.erb within layouts/application
  Rendered welcome/index.html.erb within layouts/application (0.4ms)
Completed 200 OK in 82ms (Views: 71.5ms | ActiveRecord: 0.0ms)


Started GET "/" for 127.0.0.1 at 2019-06-09 19:35:59 +0200
Processing by WelcomeController#index as HTML
  Rendering welcome/index.html.erb within layouts/application
  Rendered welcome/index.html.erb within layouts/application (0.2ms)
Completed 200 OK in 71ms (Views: 61.3ms | ActiveRecord: 0.0ms)


Started GET "/" for 127.0.0.1 at 2019-06-09 19:36:00 +0200
Processing by WelcomeController#index as HTML
  Rendering welcome/index.html.erb within layouts/application
  Rendered welcome/index.html.erb within layouts/application (0.3ms)
Completed 200 OK in 75ms (Views: 64.6ms | ActiveRecord: 0.0ms)


Started GET "/" for 127.0.0.1 at 2019-06-09 19:36:00 +0200
Processing by WelcomeController#index as HTML
  Rendering welcome/index.html.erb within layouts/application
  Rendered welcome/index.html.erb within layouts/application (0.3ms)
Completed 200 OK in 77ms (Views: 67.8ms | ActiveRecord: 0.0ms)


Started GET "/" for 127.0.0.1 at 2019-06-09 19:36:00 +0200
Processing by WelcomeController#index as HTML
  Rendering welcome/index.html.erb within layouts/application
  Rendered welcome/index.html.erb within layouts/application (0.3ms)
Completed 200 OK in 73ms (Views: 63.0ms | ActiveRecord: 0.0ms)


Started GET "/" for 127.0.0.1 at 2019-06-09 19:36:01 +0200
Processing by WelcomeController#index as HTML
  Rendering welcome/index.html.erb within layouts/application
  Rendered welcome/index.html.erb within layouts/application (0.3ms)
Completed 200 OK in 78ms (Views: 67.5ms | ActiveRecord: 0.0ms)


Started GET "/" for 127.0.0.1 at 2019-06-09 19:36:01 +0200
Processing by WelcomeController#index as HTML
  Rendering welcome/index.html.erb within layouts/application
  Rendered welcome/index.html.erb within layouts/application (0.3ms)
Completed 200 OK in 78ms (Views: 68.0ms | ActiveRecord: 0.0ms)


Started GET "/" for 127.0.0.1 at 2019-06-09 19:36:29 +0200
Processing by WelcomeController#index as HTML
  Rendering welcome/index.html.erb within layouts/application
  Rendered welcome/index.html.erb within layouts/application (0.3ms)
Completed 200 OK in 176ms (Views: 163.4ms | ActiveRecord: 0.0ms)


Started GET "/" for 127.0.0.1 at 2019-06-09 19:36:31 +0200
Processing by WelcomeController#index as HTML
  Rendering welcome/index.html.erb within layouts/application
  Rendered welcome/index.html.erb within layouts/application (0.4ms)
Completed 200 OK in 72ms (Views: 61.8ms | ActiveRecord: 0.0ms)


Started GET "/" for 127.0.0.1 at 2019-06-09 19:36:33 +0200
Processing by WelcomeController#index as HTML
  Rendering welcome/index.html.erb within layouts/application
  Rendered welcome/index.html.erb within layouts/application (0.3ms)
Completed 200 OK in 73ms (Views: 62.4ms | ActiveRecord: 0.0ms)


Started GET "/" for 127.0.0.1 at 2019-06-09 19:36:35 +0200
Processing by WelcomeController#index as HTML
  Rendering welcome/index.html.erb within layouts/application
  Rendered welcome/index.html.erb within layouts/application (0.3ms)
Completed 200 OK in 79ms (Views: 67.4ms | ActiveRecord: 0.0ms)


Started GET "/" for 127.0.0.1 at 2019-06-09 19:36:35 +0200
Processing by WelcomeController#index as HTML
  Rendering welcome/index.html.erb within layouts/application
  Rendered welcome/index.html.erb within layouts/application (0.3ms)
Completed 200 OK in 72ms (Views: 62.7ms | ActiveRecord: 0.0ms)


Started GET "/" for 127.0.0.1 at 2019-06-09 19:40:05 +0200
Processing by WelcomeController#index as HTML
  Rendering welcome/index.html.erb within layouts/application
  Rendered welcome/index.html.erb within layouts/application (0.3ms)
Completed 200 OK in 213ms (Views: 203.0ms | ActiveRecord: 0.0ms)


Started GET "/" for 127.0.0.1 at 2019-06-09 19:40:07 +0200
Processing by WelcomeController#index as HTML
  Rendering welcome/index.html.erb within layouts/application
  Rendered welcome/index.html.erb within layouts/application (0.3ms)
Completed 200 OK in 73ms (Views: 63.4ms | ActiveRecord: 0.0ms)


Started GET "/" for 127.0.0.1 at 2019-06-09 19:40:08 +0200
Processing by WelcomeController#index as HTML
  Rendering welcome/index.html.erb within layouts/application
  Rendered welcome/index.html.erb within layouts/application (0.3ms)
Completed 200 OK in 84ms (Views: 73.7ms | ActiveRecord: 0.0ms)


Started GET "/" for 127.0.0.1 at 2019-06-09 19:40:08 +0200
Processing by WelcomeController#index as HTML
  Rendering welcome/index.html.erb within layouts/application
  Rendered welcome/index.html.erb within layouts/application (0.3ms)
Completed 200 OK in 75ms (Views: 64.7ms | ActiveRecord: 0.0ms)


Started GET "/" for 127.0.0.1 at 2019-06-09 19:40:08 +0200
Processing by WelcomeController#index as HTML
  Rendering welcome/index.html.erb within layouts/application
  Rendered welcome/index.html.erb within layouts/application (0.3ms)
Completed 200 OK in 81ms (Views: 70.3ms | ActiveRecord: 0.0ms)


Started GET "/" for 127.0.0.1 at 2019-06-09 19:40:09 +0200
Processing by WelcomeController#index as HTML
  Rendering welcome/index.html.erb within layouts/application
  Rendered welcome/index.html.erb within layouts/application (0.3ms)
Completed 200 OK in 79ms (Views: 68.3ms | ActiveRecord: 0.0ms)


Started GET "/" for 127.0.0.1 at 2019-06-09 19:40:46 +0200
Processing by WelcomeController#index as HTML
  Rendering welcome/index.html.erb within layouts/application
  Rendered welcome/index.html.erb within layouts/application (0.3ms)
Completed 200 OK in 248ms (Views: 235.7ms | ActiveRecord: 0.0ms)


Started GET "/" for 127.0.0.1 at 2019-06-09 19:41:00 +0200
Processing by WelcomeController#index as HTML
  Rendering welcome/index.html.erb within layouts/application
  Rendered welcome/index.html.erb within layouts/application (0.4ms)
Completed 200 OK in 85ms (Views: 75.7ms | ActiveRecord: 0.0ms)


Started GET "/" for 127.0.0.1 at 2019-06-09 19:41:01 +0200
Processing by WelcomeController#index as HTML
  Rendering welcome/index.html.erb within layouts/application
  Rendered welcome/index.html.erb within layouts/application (0.5ms)
Completed 200 OK in 73ms (Views: 62.8ms | ActiveRecord: 0.0ms)


Started GET "/" for 127.0.0.1 at 2019-06-09 19:41:02 +0200
Processing by WelcomeController#index as HTML
  Rendering welcome/index.html.erb within layouts/application
  Rendered welcome/index.html.erb within layouts/application (0.3ms)
Completed 200 OK in 78ms (Views: 67.2ms | ActiveRecord: 0.0ms)


Started GET "/" for 127.0.0.1 at 2019-06-09 19:41:02 +0200
Processing by WelcomeController#index as HTML
  Rendering welcome/index.html.erb within layouts/application
  Rendered welcome/index.html.erb within layouts/application (0.3ms)
Completed 200 OK in 73ms (Views: 62.7ms | ActiveRecord: 0.0ms)


Started GET "/" for 127.0.0.1 at 2019-06-09 19:41:03 +0200
Processing by WelcomeController#index as HTML
  Rendering welcome/index.html.erb within layouts/application
  Rendered welcome/index.html.erb within layouts/application (0.3ms)
Completed 200 OK in 77ms (Views: 67.2ms | ActiveRecord: 0.0ms)


Started GET "/test" for 127.0.0.1 at 2019-06-09 19:41:06 +0200
Processing by WelcomeController#test as HTML
  Rendering welcome/test.html.erb within layouts/application
  Rendered welcome/test.html.erb within layouts/application (0.2ms)
Completed 200 OK in 76ms (Views: 66.2ms | ActiveRecord: 0.0ms)


Started GET "/" for 127.0.0.1 at 2019-06-09 19:41:08 +0200
Processing by WelcomeController#index as HTML
  Rendering welcome/index.html.erb within layouts/application
  Rendered welcome/index.html.erb within layouts/application (0.3ms)
Completed 200 OK in 73ms (Views: 62.5ms | ActiveRecord: 0.0ms)


Started GET "/" for 127.0.0.1 at 2019-06-09 19:41:09 +0200
Processing by WelcomeController#index as HTML
  Rendering welcome/index.html.erb within layouts/application
  Rendered welcome/index.html.erb within layouts/application (0.3ms)
Completed 200 OK in 81ms (Views: 70.7ms | ActiveRecord: 0.0ms)


Started GET "/" for 127.0.0.1 at 2019-06-09 19:41:10 +0200
Processing by WelcomeController#index as HTML
  Rendering welcome/index.html.erb within layouts/application
  Rendered welcome/index.html.erb within layouts/application (0.3ms)
Completed 200 OK in 74ms (Views: 64.0ms | ActiveRecord: 0.0ms)


Started GET "/" for 127.0.0.1 at 2019-06-09 19:41:27 +0200
Processing by WelcomeController#index as HTML
  Rendering welcome/index.html.erb within layouts/application
  Rendered welcome/index.html.erb within layouts/application (0.3ms)
Completed 200 OK in 85ms (Views: 72.7ms | ActiveRecord: 0.0ms)


Started GET "/projects" for 127.0.0.1 at 2019-06-09 19:41:28 +0200
  
ActionController::RoutingError (No route matches [GET] "/projects"):
  
actionpack (5.2.3) lib/action_dispatch/middleware/debug_exceptions.rb:65:in `call'
web-console (3.7.0) lib/web_console/middleware.rb:135:in `call_app'
web-console (3.7.0) lib/web_console/middleware.rb:30:in `block in call'
web-console (3.7.0) lib/web_console/middleware.rb:20:in `catch'
web-console (3.7.0) lib/web_console/middleware.rb:20:in `call'
actionpack (5.2.3) lib/action_dispatch/middleware/show_exceptions.rb:33:in `call'
railties (5.2.3) lib/rails/rack/logger.rb:38:in `call_app'
railties (5.2.3) lib/rails/rack/logger.rb:26:in `block in call'
activesupport (5.2.3) lib/active_support/tagged_logging.rb:71:in `block in tagged'
activesupport (5.2.3) lib/active_support/tagged_logging.rb:28:in `tagged'
activesupport (5.2.3) lib/active_support/tagged_logging.rb:71:in `tagged'
railties (5.2.3) lib/rails/rack/logger.rb:26:in `call'
sprockets-rails (3.2.1) lib/sprockets/rails/quiet_assets.rb:13:in `call'
actionpack (5.2.3) lib/action_dispatch/middleware/remote_ip.rb:81:in `call'
actionpack (5.2.3) lib/action_dispatch/middleware/request_id.rb:27:in `call'
rack (2.0.7) lib/rack/method_override.rb:22:in `call'
rack (2.0.7) lib/rack/runtime.rb:22:in `call'
activesupport (5.2.3) lib/active_support/cache/strategy/local_cache_middleware.rb:29:in `call'
actionpack (5.2.3) lib/action_dispatch/middleware/executor.rb:14:in `call'
actionpack (5.2.3) lib/action_dispatch/middleware/static.rb:127:in `call'
rack (2.0.7) lib/rack/sendfile.rb:111:in `call'
railties (5.2.3) lib/rails/engine.rb:524:in `call'
puma (3.12.1) lib/puma/configuration.rb:227:in `call'
puma (3.12.1) lib/puma/server.rb:660:in `handle_request'
puma (3.12.1) lib/puma/server.rb:474:in `process_client'
puma (3.12.1) lib/puma/server.rb:334:in `block in run'
puma (3.12.1) lib/puma/thread_pool.rb:135:in `block in spawn_thread'
Started GET "/" for 127.0.0.1 at 2019-06-09 19:41:31 +0200
Processing by WelcomeController#index as HTML
  Rendering welcome/index.html.erb within layouts/application
  Rendered welcome/index.html.erb within layouts/application (0.3ms)
Completed 200 OK in 3964ms (Views: 3950.1ms | ActiveRecord: 0.0ms)


Started GET "/" for 127.0.0.1 at 2019-06-09 19:43:07 +0200
Processing by WelcomeController#index as HTML
  Rendering welcome/index.html.erb within layouts/application
  Rendered welcome/index.html.erb within layouts/application (0.3ms)
Completed 200 OK in 93ms (Views: 81.3ms | ActiveRecord: 0.0ms)


Started GET "/projects" for 127.0.0.1 at 2019-06-09 19:43:08 +0200
Processing by WelcomeController#projects as HTML
  Rendering welcome/projects.html.erb within layouts/application
  Rendered welcome/projects.html.erb within layouts/application (0.3ms)
Completed 200 OK in 80ms (Views: 69.3ms | ActiveRecord: 0.0ms)


Started GET "/about" for 127.0.0.1 at 2019-06-09 19:43:09 +0200
  
ActionController::RoutingError (No route matches [GET] "/about"):
  
actionpack (5.2.3) lib/action_dispatch/middleware/debug_exceptions.rb:65:in `call'
web-console (3.7.0) lib/web_console/middleware.rb:135:in `call_app'
web-console (3.7.0) lib/web_console/middleware.rb:30:in `block in call'
web-console (3.7.0) lib/web_console/middleware.rb:20:in `catch'
web-console (3.7.0) lib/web_console/middleware.rb:20:in `call'
actionpack (5.2.3) lib/action_dispatch/middleware/show_exceptions.rb:33:in `call'
railties (5.2.3) lib/rails/rack/logger.rb:38:in `call_app'
railties (5.2.3) lib/rails/rack/logger.rb:26:in `block in call'
activesupport (5.2.3) lib/active_support/tagged_logging.rb:71:in `block in tagged'
activesupport (5.2.3) lib/active_support/tagged_logging.rb:28:in `tagged'
activesupport (5.2.3) lib/active_support/tagged_logging.rb:71:in `tagged'
railties (5.2.3) lib/rails/rack/logger.rb:26:in `call'
sprockets-rails (3.2.1) lib/sprockets/rails/quiet_assets.rb:13:in `call'
actionpack (5.2.3) lib/action_dispatch/middleware/remote_ip.rb:81:in `call'
actionpack (5.2.3) lib/action_dispatch/middleware/request_id.rb:27:in `call'
rack (2.0.7) lib/rack/method_override.rb:22:in `call'
rack (2.0.7) lib/rack/runtime.rb:22:in `call'
activesupport (5.2.3) lib/active_support/cache/strategy/local_cache_middleware.rb:29:in `call'
actionpack (5.2.3) lib/action_dispatch/middleware/executor.rb:14:in `call'
actionpack (5.2.3) lib/action_dispatch/middleware/static.rb:127:in `call'
rack (2.0.7) lib/rack/sendfile.rb:111:in `call'
railties (5.2.3) lib/rails/engine.rb:524:in `call'
puma (3.12.1) lib/puma/configuration.rb:227:in `call'
puma (3.12.1) lib/puma/server.rb:660:in `handle_request'
puma (3.12.1) lib/puma/server.rb:474:in `process_client'
puma (3.12.1) lib/puma/server.rb:334:in `block in run'
puma (3.12.1) lib/puma/thread_pool.rb:135:in `block in spawn_thread'
Started GET "/" for 127.0.0.1 at 2019-06-09 19:43:10 +0200
Processing by WelcomeController#index as HTML
Started GET "/about" for 127.0.0.1 at 2019-06-09 19:43:11 +0200
  Rendering welcome/index.html.erb within layouts/application
  Rendered welcome/index.html.erb within layouts/application (0.3ms)
  
ActionController::RoutingError (No route matches [GET] "/about"):
  
actionpack (5.2.3) lib/action_dispatch/middleware/debug_exceptions.rb:65:in `call'
web-console (3.7.0) lib/web_console/middleware.rb:135:in `call_app'
web-console (3.7.0) lib/web_console/middleware.rb:30:in `block in call'
web-console (3.7.0) lib/web_console/middleware.rb:20:in `catch'
web-console (3.7.0) lib/web_console/middleware.rb:20:in `call'
actionpack (5.2.3) lib/action_dispatch/middleware/show_exceptions.rb:33:in `call'
railties (5.2.3) lib/rails/rack/logger.rb:38:in `call_app'
railties (5.2.3) lib/rails/rack/logger.rb:26:in `block in call'
activesupport (5.2.3) lib/active_support/tagged_logging.rb:71:in `block in tagged'
activesupport (5.2.3) lib/active_support/tagged_logging.rb:28:in `tagged'
activesupport (5.2.3) lib/active_support/tagged_logging.rb:71:in `tagged'
railties (5.2.3) lib/rails/rack/logger.rb:26:in `call'
sprockets-rails (3.2.1) lib/sprockets/rails/quiet_assets.rb:13:in `call'
actionpack (5.2.3) lib/action_dispatch/middleware/remote_ip.rb:81:in `call'
actionpack (5.2.3) lib/action_dispatch/middleware/request_id.rb:27:in `call'
rack (2.0.7) lib/rack/method_override.rb:22:in `call'
rack (2.0.7) lib/rack/runtime.rb:22:in `call'
activesupport (5.2.3) lib/active_support/cache/strategy/local_cache_middleware.rb:29:in `call'
actionpack (5.2.3) lib/action_dispatch/middleware/executor.rb:14:in `call'
actionpack (5.2.3) lib/action_dispatch/middleware/static.rb:127:in `call'
rack (2.0.7) lib/rack/sendfile.rb:111:in `call'
railties (5.2.3) lib/rails/engine.rb:524:in `call'
puma (3.12.1) lib/puma/configuration.rb:227:in `call'
puma (3.12.1) lib/puma/server.rb:660:in `handle_request'
puma (3.12.1) lib/puma/server.rb:474:in `process_client'
puma (3.12.1) lib/puma/server.rb:334:in `block in run'
puma (3.12.1) lib/puma/thread_pool.rb:135:in `block in spawn_thread'
Started GET "/projects" for 127.0.0.1 at 2019-06-09 19:43:15 +0200
Processing by WelcomeController#projects as HTML
Started GET "/" for 127.0.0.1 at 2019-06-09 19:43:16 +0200
Completed 200 OK in 6282ms (Views: 5615.8ms | ActiveRecord: 0.0ms)


Processing by WelcomeController#index as HTML
Started GET "/about" for 127.0.0.1 at 2019-06-09 19:43:16 +0200
  Rendering welcome/projects.html.erb within layouts/application
  Rendered welcome/projects.html.erb within layouts/application (0.3ms)
  
ActionController::RoutingError (No route matches [GET] "/about"):
  
  Rendering welcome/index.html.erb within layouts/application
actionpack (5.2.3) lib/action_dispatch/middleware/debug_exceptions.rb:65:in `call'
web-console (3.7.0) lib/web_console/middleware.rb:135:in `call_app'
web-console (3.7.0) lib/web_console/middleware.rb:30:in `block in call'
web-console (3.7.0) lib/web_console/middleware.rb:20:in `catch'
web-console (3.7.0) lib/web_console/middleware.rb:20:in `call'
actionpack (5.2.3) lib/action_dispatch/middleware/show_exceptions.rb:33:in `call'
railties (5.2.3) lib/rails/rack/logger.rb:38:in `call_app'
railties (5.2.3) lib/rails/rack/logger.rb:26:in `block in call'
activesupport (5.2.3) lib/active_support/tagged_logging.rb:71:in `block in tagged'
activesupport (5.2.3) lib/active_support/tagged_logging.rb:28:in `tagged'
activesupport (5.2.3) lib/active_support/tagged_logging.rb:71:in `tagged'
railties (5.2.3) lib/rails/rack/logger.rb:26:in `call'
sprockets-rails (3.2.1) lib/sprockets/rails/quiet_assets.rb:13:in `call'
actionpack (5.2.3) lib/action_dispatch/middleware/remote_ip.rb:81:in `call'
actionpack (5.2.3) lib/action_dispatch/middleware/request_id.rb:27:in `call'
rack (2.0.7) lib/rack/method_override.rb:22:in `call'
rack (2.0.7) lib/rack/runtime.rb:22:in `call'
activesupport (5.2.3) lib/active_support/cache/strategy/local_cache_middleware.rb:29:in `call'
actionpack (5.2.3) lib/action_dispatch/middleware/executor.rb:14:in `call'
actionpack (5.2.3) lib/action_dispatch/middleware/static.rb:127:in `call'
rack (2.0.7) lib/rack/sendfile.rb:111:in `call'
railties (5.2.3) lib/rails/engine.rb:524:in `call'
puma (3.12.1) lib/puma/configuration.rb:227:in `call'
puma (3.12.1) lib/puma/server.rb:660:in `handle_request'
puma (3.12.1) lib/puma/server.rb:474:in `process_client'
puma (3.12.1) lib/puma/server.rb:334:in `block in run'
puma (3.12.1) lib/puma/thread_pool.rb:135:in `block in spawn_thread'
  Rendered welcome/index.html.erb within layouts/application (0.2ms)
Completed 200 OK in 1407ms (Views: 1355.4ms | ActiveRecord: 0.0ms)


Completed 200 OK in 2227ms (Views: 2155.4ms | ActiveRecord: 0.0ms)


Started GET "/about" for 127.0.0.1 at 2019-06-09 19:43:32 +0200
Processing by WelcomeController#about as HTML
Started GET "/about" for 127.0.0.1 at 2019-06-09 19:43:33 +0200
  Rendering welcome/about.html.erb within layouts/application
  Rendered welcome/about.html.erb within layouts/application (0.4ms)
Completed 200 OK in 75ms (Views: 64.1ms | ActiveRecord: 0.0ms)


Processing by WelcomeController#about as HTML
  Rendering welcome/about.html.erb within layouts/application
  Rendered welcome/about.html.erb within layouts/application (0.6ms)
Completed 200 OK in 319ms (Views: 276.5ms | ActiveRecord: 0.0ms)


Started GET "/projects" for 127.0.0.1 at 2019-06-09 19:43:35 +0200
Processing by WelcomeController#projects as HTML
  Rendering welcome/projects.html.erb within layouts/application
  Rendered welcome/projects.html.erb within layouts/application (0.3ms)
Completed 200 OK in 118ms (Views: 106.1ms | ActiveRecord: 0.0ms)


Started GET "/about" for 127.0.0.1 at 2019-06-09 19:43:35 +0200
Processing by WelcomeController#about as HTML
  Rendering welcome/about.html.erb within layouts/application
  Rendered welcome/about.html.erb within layouts/application (0.3ms)
Completed 200 OK in 75ms (Views: 64.5ms | ActiveRecord: 0.0ms)


Started GET "/" for 127.0.0.1 at 2019-06-09 19:43:36 +0200
Processing by WelcomeController#index as HTML
  Rendering welcome/index.html.erb within layouts/application
  Rendered welcome/index.html.erb within layouts/application (0.3ms)
Completed 200 OK in 73ms (Views: 63.2ms | ActiveRecord: 0.0ms)


Started GET "/projects" for 127.0.0.1 at 2019-06-09 19:43:37 +0200
Processing by WelcomeController#projects as HTML
  Rendering welcome/projects.html.erb within layouts/application
  Rendered welcome/projects.html.erb within layouts/application (0.5ms)
Completed 200 OK in 94ms (Views: 82.0ms | ActiveRecord: 0.0ms)


Started GET "/about" for 127.0.0.1 at 2019-06-09 19:43:37 +0200
Processing by WelcomeController#about as HTML
  Rendering welcome/about.html.erb within layouts/application
  Rendered welcome/about.html.erb within layouts/application (0.3ms)
Completed 200 OK in 75ms (Views: 64.8ms | ActiveRecord: 0.0ms)


Started GET "/" for 127.0.0.1 at 2019-06-09 19:43:38 +0200
Processing by WelcomeController#index as HTML
  Rendering welcome/index.html.erb within layouts/application
  Rendered welcome/index.html.erb within layouts/application (0.3ms)
Completed 200 OK in 73ms (Views: 63.8ms | ActiveRecord: 0.0ms)


Started GET "/" for 127.0.0.1 at 2019-06-09 19:46:43 +0200
Processing by WelcomeController#index as HTML
  Rendering welcome/index.html.erb within layouts/application
  Rendered welcome/index.html.erb within layouts/application (0.3ms)
Completed 200 OK in 86ms (Views: 75.3ms | ActiveRecord: 0.0ms)


Started GET "/" for 127.0.0.1 at 2019-06-09 19:47:24 +0200
Processing by WelcomeController#index as HTML
  Rendering welcome/index.html.erb within layouts/application
  Rendered welcome/index.html.erb within layouts/application (0.3ms)
Completed 200 OK in 81ms (Views: 69.2ms | ActiveRecord: 0.0ms)


Started GET "/" for 127.0.0.1 at 2019-06-09 19:49:16 +0200
Processing by WelcomeController#index as HTML
  Rendering welcome/index.html.erb within layouts/application
  Rendered welcome/index.html.erb within layouts/application (0.3ms)
Completed 200 OK in 248ms (Views: 236.5ms | ActiveRecord: 0.0ms)


Started GET "/" for 127.0.0.1 at 2019-06-09 19:49:25 +0200
Processing by WelcomeController#index as HTML
  Rendering welcome/index.html.erb within layouts/application
  Rendered welcome/index.html.erb within layouts/application (0.3ms)
Completed 200 OK in 146ms (Views: 135.2ms | ActiveRecord: 0.0ms)


Started GET "/" for 127.0.0.1 at 2019-06-09 19:49:30 +0200
Processing by WelcomeController#index as HTML
  Rendering welcome/index.html.erb within layouts/application
  Rendered welcome/index.html.erb within layouts/application (0.3ms)
Completed 200 OK in 88ms (Views: 74.7ms | ActiveRecord: 0.0ms)


Started GET "/projects" for 127.0.0.1 at 2019-06-09 19:49:55 +0200
Processing by WelcomeController#projects as HTML
  Rendering welcome/projects.html.erb within layouts/application
  Rendered welcome/projects.html.erb within layouts/application (0.3ms)
Completed 200 OK in 82ms (Views: 71.4ms | ActiveRecord: 0.0ms)


Started GET "/about" for 127.0.0.1 at 2019-06-09 19:49:56 +0200
Processing by WelcomeController#about as HTML
  Rendering welcome/about.html.erb within layouts/application
  Rendered welcome/about.html.erb within layouts/application (0.3ms)
Completed 200 OK in 80ms (Views: 67.3ms | ActiveRecord: 0.0ms)


Started GET "/projects" for 127.0.0.1 at 2019-06-09 19:49:56 +0200
Processing by WelcomeController#projects as HTML
  Rendering welcome/projects.html.erb within layouts/application
  Rendered welcome/projects.html.erb within layouts/application (0.3ms)
Completed 200 OK in 87ms (Views: 76.3ms | ActiveRecord: 0.0ms)


Started GET "/" for 127.0.0.1 at 2019-06-09 19:49:57 +0200
Processing by WelcomeController#index as HTML
  Rendering welcome/index.html.erb within layouts/application
  Rendered welcome/index.html.erb within layouts/application (0.3ms)
Completed 200 OK in 83ms (Views: 72.3ms | ActiveRecord: 0.0ms)


Started GET "/about" for 127.0.0.1 at 2019-06-09 19:49:57 +0200
Processing by WelcomeController#about as HTML
  Rendering welcome/about.html.erb within layouts/application
  Rendered welcome/about.html.erb within layouts/application (0.3ms)
Completed 200 OK in 76ms (Views: 66.3ms | ActiveRecord: 0.0ms)


Started GET "/" for 127.0.0.1 at 2019-06-09 19:49:58 +0200
Processing by WelcomeController#index as HTML
  Rendering welcome/index.html.erb within layouts/application
  Rendered welcome/index.html.erb within layouts/application (0.5ms)
Completed 200 OK in 93ms (Views: 80.7ms | ActiveRecord: 0.0ms)


Started GET "/projects" for 127.0.0.1 at 2019-06-09 19:49:58 +0200
Processing by WelcomeController#projects as HTML
  Rendering welcome/projects.html.erb within layouts/application
  Rendered welcome/projects.html.erb within layouts/application (0.3ms)
Completed 200 OK in 91ms (Views: 81.2ms | ActiveRecord: 0.0ms)


Started GET "/about" for 127.0.0.1 at 2019-06-09 19:49:59 +0200
Processing by WelcomeController#about as HTML
  Rendering welcome/about.html.erb within layouts/application
  Rendered welcome/about.html.erb within layouts/application (0.3ms)
Completed 200 OK in 86ms (Views: 75.7ms | ActiveRecord: 0.0ms)


Started GET "/" for 127.0.0.1 at 2019-06-09 19:49:59 +0200
Processing by WelcomeController#index as HTML
  Rendering welcome/index.html.erb within layouts/application
  Rendered welcome/index.html.erb within layouts/application (0.3ms)
Completed 200 OK in 75ms (Views: 64.8ms | ActiveRecord: 0.0ms)


Started GET "/projects" for 127.0.0.1 at 2019-06-09 19:50:00 +0200
Processing by WelcomeController#projects as HTML
  Rendering welcome/projects.html.erb within layouts/application
  Rendered welcome/projects.html.erb within layouts/application (0.3ms)
Completed 200 OK in 92ms (Views: 81.0ms | ActiveRecord: 0.0ms)


Started GET "/" for 127.0.0.1 at 2019-06-09 19:50:00 +0200
Processing by WelcomeController#index as HTML
  Rendering welcome/index.html.erb within layouts/application
  Rendered welcome/index.html.erb within layouts/application (0.3ms)
Completed 200 OK in 76ms (Views: 65.9ms | ActiveRecord: 0.0ms)


